2014-11-06 20:56:48,195 ERROR [main] root: A connection error occurred during writing
java.io.FileNotFoundException: storage.txt (Le fichier spécifié est introuvable)
	at java.io.FileInputStream.open(Native Method)
	at java.io.FileInputStream.<init>(Unknown Source)
	at java.io.FileInputStream.<init>(Unknown Source)
	at java.io.FileReader.<init>(Unknown Source)
	at app_kvServer.Storage.get(Storage.java:71)
	at app_kvServer.Storage.put(Storage.java:30)
	at app_kvServer.Storage.main(Storage.java:24)
2014-11-06 20:57:22,694 ERROR [main] root: A connection error occurred during writing
java.io.FileNotFoundException: storage.txt (Le fichier spécifié est introuvable)
	at java.io.FileInputStream.open(Native Method)
	at java.io.FileInputStream.<init>(Unknown Source)
	at java.io.FileInputStream.<init>(Unknown Source)
	at java.io.FileReader.<init>(Unknown Source)
	at app_kvServer.Storage.get(Storage.java:72)
	at app_kvServer.Storage.put(Storage.java:31)
	at app_kvServer.Storage.main(Storage.java:25)
2014-11-06 20:58:31,175 ERROR [main] root: A connection error occurred during writing
java.io.FileNotFoundException: storage.txt (Le fichier spécifié est introuvable)
	at java.io.FileInputStream.open(Native Method)
	at java.io.FileInputStream.<init>(Unknown Source)
	at java.io.FileInputStream.<init>(Unknown Source)
	at java.io.FileReader.<init>(Unknown Source)
	at app_kvServer.Storage.get(Storage.java:72)
	at app_kvServer.Storage.put(Storage.java:31)
	at app_kvServer.Storage.main(Storage.java:25)
2014-11-06 20:59:37,914 ERROR [main] root: A connection error occurred during writing
java.io.FileNotFoundException: storage.txt (Le fichier spécifié est introuvable)
	at java.io.FileInputStream.open(Native Method)
	at java.io.FileInputStream.<init>(Unknown Source)
	at java.io.FileInputStream.<init>(Unknown Source)
	at java.io.FileReader.<init>(Unknown Source)
	at app_kvServer.Storage.get(Storage.java:73)
	at app_kvServer.Storage.put(Storage.java:32)
	at app_kvServer.Storage.main(Storage.java:26)
2014-11-06 20:59:58,059 ERROR [main] root: A connection error occurred during writing
java.io.FileNotFoundException: storage.txt (Le fichier spécifié est introuvable)
	at java.io.FileInputStream.open(Native Method)
	at java.io.FileInputStream.<init>(Unknown Source)
	at java.io.FileInputStream.<init>(Unknown Source)
	at java.io.FileReader.<init>(Unknown Source)
	at app_kvServer.Storage.get(Storage.java:74)
	at app_kvServer.Storage.put(Storage.java:33)
	at app_kvServer.Storage.main(Storage.java:27)
2014-11-06 21:00:53,146 ERROR [main] root: A connection error occurred during writing
java.io.FileNotFoundException: storage.txt (Le fichier spécifié est introuvable)
	at java.io.FileInputStream.open(Native Method)
	at java.io.FileInputStream.<init>(Unknown Source)
	at java.io.FileInputStream.<init>(Unknown Source)
	at java.io.FileReader.<init>(Unknown Source)
	at app_kvServer.Storage.get(Storage.java:74)
	at app_kvServer.Storage.put(Storage.java:33)
	at app_kvServer.Storage.main(Storage.java:27)
2014-11-06 21:01:26,997 ERROR [main] root: A connection error occurred during writing
java.io.FileNotFoundException: storage.txt (Le fichier spécifié est introuvable)
	at java.io.FileInputStream.open(Native Method)
	at java.io.FileInputStream.<init>(Unknown Source)
	at java.io.FileInputStream.<init>(Unknown Source)
	at java.io.FileReader.<init>(Unknown Source)
	at app_kvServer.Storage.get(Storage.java:74)
	at app_kvServer.Storage.put(Storage.java:33)
	at app_kvServer.Storage.main(Storage.java:27)
2014-11-06 21:02:53,286 ERROR [main] root: A connection error occurred during writing
java.io.FileNotFoundException: storage.txt (Le fichier spécifié est introuvable)
	at java.io.FileInputStream.open(Native Method)
	at java.io.FileInputStream.<init>(Unknown Source)
	at java.io.FileInputStream.<init>(Unknown Source)
	at java.io.FileReader.<init>(Unknown Source)
	at app_kvServer.Storage.get(Storage.java:74)
	at app_kvServer.Storage.put(Storage.java:33)
	at app_kvServer.Storage.main(Storage.java:27)
2014-11-06 21:03:06,972 ERROR [main] root: A connection error occurred during writing
java.io.FileNotFoundException: storage.txt (Le fichier spécifié est introuvable)
	at java.io.FileInputStream.open(Native Method)
	at java.io.FileInputStream.<init>(Unknown Source)
	at java.io.FileInputStream.<init>(Unknown Source)
	at java.io.FileReader.<init>(Unknown Source)
	at app_kvServer.Storage.get(Storage.java:74)
	at app_kvServer.Storage.put(Storage.java:33)
	at app_kvServer.Storage.main(Storage.java:27)
2014-11-06 21:07:01,144 ERROR [main] root: A connection error occurred during writing
java.io.FileNotFoundException: storage.txt (Le fichier spécifié est introuvable)
	at java.io.FileInputStream.open(Native Method)
	at java.io.FileInputStream.<init>(Unknown Source)
	at java.io.FileInputStream.<init>(Unknown Source)
	at java.io.FileReader.<init>(Unknown Source)
	at app_kvServer.Storage.get(Storage.java:78)
	at app_kvServer.Storage.put(Storage.java:37)
	at app_kvServer.Storage.main(Storage.java:31)
2014-11-06 21:07:17,557 ERROR [main] root: A connection error occurred during writing
java.io.FileNotFoundException: storage.txt (Le fichier spécifié est introuvable)
	at java.io.FileInputStream.open(Native Method)
	at java.io.FileInputStream.<init>(Unknown Source)
	at java.io.FileInputStream.<init>(Unknown Source)
	at java.io.FileReader.<init>(Unknown Source)
	at app_kvServer.Storage.get(Storage.java:78)
	at app_kvServer.Storage.put(Storage.java:37)
	at app_kvServer.Storage.main(Storage.java:31)
2014-11-06 21:08:10,121 ERROR [main] root: A connection error occurred during writing
java.io.FileNotFoundException: storage.txt (Le fichier spécifié est introuvable)
	at java.io.FileInputStream.open(Native Method)
	at java.io.FileInputStream.<init>(Unknown Source)
	at java.io.FileInputStream.<init>(Unknown Source)
	at java.io.FileReader.<init>(Unknown Source)
	at app_kvServer.Storage.get(Storage.java:76)
	at app_kvServer.Storage.put(Storage.java:35)
	at app_kvServer.Storage.main(Storage.java:29)
2014-11-06 21:24:22,458 ERROR [main] root: A connection error occurred during writing
java.io.IOException: Stream closed
	at java.io.BufferedReader.ensureOpen(Unknown Source)
	at java.io.BufferedReader.readLine(Unknown Source)
	at java.io.BufferedReader.readLine(Unknown Source)
	at app_kvServer.Storage.overwriteInFile(Storage.java:66)
	at app_kvServer.Storage.put(Storage.java:47)
	at app_kvServer.Storage.main(Storage.java:37)
2014-11-06 21:38:37,938 ERROR [main] root: An io error occurred during writing
java.io.IOException: Stream closed
	at java.io.BufferedReader.ensureOpen(Unknown Source)
	at java.io.BufferedReader.readLine(Unknown Source)
	at java.io.BufferedReader.readLine(Unknown Source)
	at app_kvServer.Storage.overwriteInFile(Storage.java:74)
	at app_kvServer.Storage.put(Storage.java:49)
	at app_kvServer.Storage.main(Storage.java:38)
2014-11-06 21:38:37,960 ERROR [main] root: An io error occurred during writing
java.io.IOException: Stream closed
	at java.io.BufferedReader.ensureOpen(Unknown Source)
	at java.io.BufferedReader.readLine(Unknown Source)
	at java.io.BufferedReader.readLine(Unknown Source)
	at app_kvServer.Storage.overwriteInFile(Storage.java:74)
	at app_kvServer.Storage.put(Storage.java:49)
	at app_kvServer.Storage.main(Storage.java:40)
2014-11-06 21:39:52,767 ERROR [main] root: An io error occurred during writing
java.io.IOException: Stream closed
	at java.io.BufferedReader.ensureOpen(Unknown Source)
	at java.io.BufferedReader.readLine(Unknown Source)
	at java.io.BufferedReader.readLine(Unknown Source)
	at app_kvServer.Storage.overwriteInFile(Storage.java:75)
	at app_kvServer.Storage.put(Storage.java:50)
	at app_kvServer.Storage.main(Storage.java:39)
2014-11-06 21:39:52,792 ERROR [main] root: An io error occurred during writing
java.io.IOException: Stream closed
	at java.io.BufferedReader.ensureOpen(Unknown Source)
	at java.io.BufferedReader.readLine(Unknown Source)
	at java.io.BufferedReader.readLine(Unknown Source)
	at app_kvServer.Storage.overwriteInFile(Storage.java:75)
	at app_kvServer.Storage.put(Storage.java:50)
	at app_kvServer.Storage.main(Storage.java:41)
2014-11-06 21:44:14,368 ERROR [main] root: An io error occurred during writing
java.io.IOException: Stream closed
	at java.io.BufferedReader.ensureOpen(Unknown Source)
	at java.io.BufferedReader.readLine(Unknown Source)
	at java.io.BufferedReader.readLine(Unknown Source)
	at app_kvServer.Storage.overwriteInFile(Storage.java:82)
	at app_kvServer.Storage.put(Storage.java:57)
	at app_kvServer.Storage.main(Storage.java:48)
2014-11-06 21:48:10,345 ERROR [main] root: An io error occurred during writing
java.io.IOException: Stream closed
	at java.io.BufferedReader.ensureOpen(Unknown Source)
	at java.io.BufferedReader.readLine(Unknown Source)
	at java.io.BufferedReader.readLine(Unknown Source)
	at app_kvServer.Storage.overwriteInFile(Storage.java:84)
	at app_kvServer.Storage.put(Storage.java:59)
	at app_kvServer.Storage.main(Storage.java:50)
2014-11-06 21:52:31,183 ERROR [main] root: An io error occurred during writing
java.io.IOException: Stream closed
	at java.io.BufferedReader.ensureOpen(Unknown Source)
	at java.io.BufferedReader.readLine(Unknown Source)
	at java.io.BufferedReader.readLine(Unknown Source)
	at app_kvServer.Storage.overwriteInFile(Storage.java:84)
	at app_kvServer.Storage.put(Storage.java:59)
	at app_kvServer.Storage.main(Storage.java:50)
2014-11-06 21:57:18,617 ERROR [main] root: An io error occurred during writing
java.io.IOException: Stream closed
	at java.io.BufferedReader.ensureOpen(Unknown Source)
	at java.io.BufferedReader.readLine(Unknown Source)
	at java.io.BufferedReader.readLine(Unknown Source)
	at app_kvServer.Storage.overwriteInFile(Storage.java:84)
	at app_kvServer.Storage.put(Storage.java:59)
	at app_kvServer.Storage.main(Storage.java:50)
2014-11-06 21:57:44,074 ERROR [main] root: An io error occurred during writing
java.io.IOException: Stream closed
	at java.io.BufferedReader.ensureOpen(Unknown Source)
	at java.io.BufferedReader.readLine(Unknown Source)
	at java.io.BufferedReader.readLine(Unknown Source)
	at app_kvServer.Storage.overwriteInFile(Storage.java:84)
	at app_kvServer.Storage.put(Storage.java:59)
	at app_kvServer.Storage.main(Storage.java:50)
2014-11-07 17:03:56,891 INFO  [Thread-0] root: Initialize server ...
2014-11-07 17:03:56,921 INFO  [Thread-0] root: Server listening on port: 9000
2014-11-07 17:04:17,137 INFO  [Thread-0] root: Connected to 127.0.0.1 on port 64037
2014-11-07 17:15:03,125 INFO  [Thread-0] root: Initialize server ...
2014-11-07 17:15:03,141 INFO  [Thread-0] root: Server listening on port: 9000
2014-11-07 17:15:20,022 INFO  [Thread-0] root: Connected to 127.0.0.1 on port 64312
2014-11-07 17:17:39,828 INFO  [Thread-0] root: Initialize server ...
2014-11-07 17:17:39,850 INFO  [Thread-0] root: Server listening on port: 9000
2014-11-07 17:17:50,315 INFO  [Thread-0] root: Connected to 127.0.0.1 on port 64375
2014-11-07 17:22:12,875 INFO  [Thread-0] root: Initialize server ...
2014-11-07 17:22:12,891 INFO  [Thread-0] root: Server listening on port: 9000
2014-11-07 17:22:24,824 INFO  [Thread-0] root: Connected to 127.0.0.1 on port 64476
2014-11-07 17:23:04,685 INFO  [Thread-0] root: Connected to 127.0.0.1 on port 64493
2014-11-07 17:23:33,266 INFO  [Thread-0] root: Connected to 127.0.0.1 on port 64504
2014-11-07 17:23:47,569 INFO  [Thread-0] root: Connected to 127.0.0.1 on port 64513
2014-11-07 17:24:04,828 INFO  [Thread-0] root: Connected to 127.0.0.1 on port 64526
2014-11-07 17:25:10,016 INFO  [Thread-0] root: Connected to 127.0.0.1 on port 64587
2014-11-07 17:59:43,192 INFO  [Thread-0] root: Initialize server ...
2014-11-07 17:59:43,211 INFO  [Thread-0] root: Server listening on port: 9000
2014-11-07 17:59:54,250 INFO  [Thread-0] root: Connected to 127.0.0.1 on port 49463
2014-11-07 17:59:59,734 INFO  [Thread-1] root: Receive message:	 '<kvmessage><status>get</status><key>frt</key><value>null</value></kvmessage>'
2014-11-07 17:59:59,742 INFO  [Thread-1] root: i am here
2014-11-07 17:59:59,744 INFO  [Thread-1] root: Send message:	 '<kvmessage><status>get_error</status><key>frt</key><value>null</value></kvmessage>'
2014-11-07 18:00:26,956 INFO  [Thread-1] root: Receive message:	 '<kvmessage><status>put</status><key>foo</key><value>bar</value></kvmessage>'
2014-11-07 18:00:26,961 INFO  [Thread-1] root: i am here
2014-11-07 18:00:26,962 INFO  [Thread-1] root: Send message:	 '<kvmessage><status>put_success</status><key>foo</key><value>bar</value></kvmessage>'
2014-11-07 18:00:35,085 INFO  [Thread-1] root: Receive message:	 '<kvmessage><status>get</status><key>foo</key><value>null</value></kvmessage>'
2014-11-07 18:00:35,088 INFO  [Thread-1] root: i am here
2014-11-07 18:00:35,089 INFO  [Thread-1] root: Send message:	 '<kvmessage><status>get_success</status><key>foo</key><value>bar</value></kvmessage>'
2014-11-07 18:14:23,890 INFO  [Thread-0] root: Initialize server ...
2014-11-07 18:14:23,909 INFO  [Thread-0] root: Server listening on port: 9000
2014-11-07 18:14:32,787 INFO  [Thread-0] root: Connected to 127.0.0.1 on port 49770
2014-11-07 18:14:47,784 INFO  [Thread-1] root: Receive message:	 '<kvmessage><status>get</status><key>frt</key><value>null</value></kvmessage>'
2014-11-07 18:14:47,792 INFO  [Thread-1] root: Send message:	 '<kvmessage><status>get_error</status><key>frt</key><value>null</value></kvmessage>'
2014-11-07 18:15:20,734 INFO  [Thread-1] root: Receive message:	 '<kvmessage><status>put</status><key>a</key><value>z</value></kvmessage>'
2014-11-07 18:15:20,740 INFO  [Thread-1] root: Send message:	 '<kvmessage><status>put_success</status><key>a</key><value>z</value></kvmessage>'
2014-11-07 18:15:26,007 INFO  [Thread-1] root: Receive message:	 '<kvmessage><status>put</status><key>e</key><value>r</value></kvmessage>'
2014-11-07 18:15:26,011 INFO  [Thread-1] root: Send message:	 '<kvmessage><status>put_success</status><key>e</key><value>r</value></kvmessage>'
2014-11-07 18:15:31,251 INFO  [Thread-1] root: Receive message:	 '<kvmessage><status>put</status><key>t</key><value>y</value></kvmessage>'
2014-11-07 18:15:31,255 INFO  [Thread-1] root: Send message:	 '<kvmessage><status>put_success</status><key>t</key><value>y</value></kvmessage>'
2014-11-07 18:15:36,188 INFO  [Thread-1] root: Receive message:	 '<kvmessage><status>get</status><key>t</key><value>null</value></kvmessage>'
2014-11-07 18:15:36,192 INFO  [Thread-1] root: Send message:	 '<kvmessage><status>get_success</status><key>t</key><value>y</value></kvmessage>'
2014-11-07 18:15:48,357 INFO  [Thread-1] root: Receive message:	 '<kvmessage><status>put</status><key>gre</key><value>gre</value></kvmessage>'
2014-11-07 18:15:48,389 INFO  [Thread-1] root: Send message:	 '<kvmessage><status>put_success</status><key>gre</key><value>gre</value></kvmessage>'
2014-11-07 18:15:53,364 INFO  [Thread-1] root: Receive message:	 '<kvmessage><status>put</status><key>ht</key><value>ht</value></kvmessage>'
2014-11-07 18:15:53,375 INFO  [Thread-1] root: Send message:	 '<kvmessage><status>put_success</status><key>ht</key><value>ht</value></kvmessage>'
2014-11-07 18:15:56,446 INFO  [Thread-1] root: Receive message:	 '<kvmessage><status>put</status><key>jh</key><value>jh</value></kvmessage>'
2014-11-07 18:15:56,456 INFO  [Thread-1] root: Send message:	 '<kvmessage><status>put_success</status><key>jh</key><value>jh</value></kvmessage>'
2014-11-07 18:16:00,473 INFO  [Thread-1] root: Receive message:	 '<kvmessage><status>get</status><key>a</key><value>null</value></kvmessage>'
2014-11-07 18:16:00,477 INFO  [Thread-1] root: Send message:	 '<kvmessage><status>get_success</status><key>a</key><value>z</value></kvmessage>'
2014-11-07 18:16:04,578 INFO  [Thread-1] root: Receive message:	 '<kvmessage><status>put</status><key>a</key><value>k</value></kvmessage>'
2014-11-07 18:16:04,581 INFO  [Thread-1] root: Send message:	 '<kvmessage><status>put_update</status><key>a</key><value>k</value></kvmessage>'
2014-11-07 18:16:07,972 INFO  [Thread-1] root: Receive message:	 '<kvmessage><status>get</status><key>a</key><value>null</value></kvmessage>'
2014-11-07 18:16:07,976 INFO  [Thread-1] root: Send message:	 '<kvmessage><status>get_success</status><key>a</key><value>k</value></kvmessage>'
2014-11-07 18:16:19,467 INFO  [Thread-1] root: Receive message:	 '<kvmessage><status>get</status><key>a</key><value>null</value></kvmessage>'
2014-11-07 18:16:19,471 INFO  [Thread-1] root: Send message:	 '<kvmessage><status>get_success</status><key>a</key><value>k</value></kvmessage>'
2014-11-07 18:20:17,660 INFO  [Thread-0] root: Initialize server ...
2014-11-07 18:20:17,680 INFO  [Thread-0] root: Server listening on port: 9000
2014-11-07 18:20:28,751 INFO  [Thread-0] root: Connected to 127.0.0.1 on port 49887
2014-11-07 18:20:33,866 INFO  [Thread-1] root: Receive message:	 '<kvmessage><status>put</status><key>gre</key><value>gre</value></kvmessage>'
2014-11-07 18:20:33,877 INFO  [Thread-1] root: Send message:	 '<kvmessage><status>put_success</status><key>gre</key><value>gre</value></kvmessage>'
2014-11-07 18:20:58,991 INFO  [Thread-1] root: Receive message:	 '<kvmessage><status>put</status><key>gr</key><value>gr</value></kvmessage>'
2014-11-07 18:20:58,994 INFO  [Thread-1] root: Send message:	 '<kvmessage><status>put_success</status><key>gr</key><value>gr</value></kvmessage>'
2014-11-07 18:21:04,704 INFO  [Thread-1] root: Receive message:	 '<kvmessage><status>put</status><key>jh</key><value>sef</value></kvmessage>'
2014-11-07 18:21:04,708 INFO  [Thread-1] root: Send message:	 '<kvmessage><status>put_success</status><key>jh</key><value>sef</value></kvmessage>'
2014-11-07 18:21:08,012 INFO  [Thread-1] root: Receive message:	 '<kvmessage><status>put</status><key>dg</key><value>rt</value></kvmessage>'
2014-11-07 18:21:08,025 INFO  [Thread-1] root: Send message:	 '<kvmessage><status>put_success</status><key>dg</key><value>rt</value></kvmessage>'
2014-11-07 18:21:12,092 INFO  [Thread-1] root: Receive message:	 '<kvmessage><status>put</status><key>sd</key><value>sdf</value></kvmessage>'
2014-11-07 18:21:12,103 INFO  [Thread-1] root: Send message:	 '<kvmessage><status>put_success</status><key>sd</key><value>sdf</value></kvmessage>'
